<?xml version="1.0" encoding="UTF-8"?>
<!-- Generated by org.testng.reporters.JUnitReportReporter -->
<testsuite hostname="DESKTOP-RM8KDCC" failures="0" tests="1" name="TestLayer.Logintest" time="32.169" errors="0" timestamp="2022-02-02T00:34:21 EST" skipped="0">
  <testcase classname="TestLayer.Logintest" name="TC02_shoppingcartverification" time="32.169"/>
  <system-out/>
</testsuite> <!-- TestLayer.Logintest -->
